<?xml version="1.0" encoding="UTF-8"?>
<testng-results ignored="0" total="1" passed="1" failed="0" skipped="0">
  <reporter-output>
  </reporter-output>
  <suite started-at="2024-05-15T23:00:14 IST" name="Default suite" finished-at="2024-05-15T23:00:14 IST" duration-ms="78">
    <groups>
    </groups>
    <test started-at="2024-05-15T23:00:14 IST" name="Default test" finished-at="2024-05-15T23:00:14 IST" duration-ms="78">
      <class name="mavencommands.PassMavenParameterTest">
        <test-method signature="creatContact1Test()[pri:0, instance:mavencommands.PassMavenParameterTest@1da2cb77]" started-at="2024-05-15T23:00:14 IST" name="creatContact1Test" finished-at="2024-05-15T23:00:14 IST" duration-ms="19" status="PASS">
          <reporter-output>
          </reporter-output>
        </test-method> <!-- creatContact1Test -->
      </class> <!-- mavencommands.PassMavenParameterTest -->
    </test> <!-- Default test -->
  </suite> <!-- Default suite -->
</testng-results>
